0 info it worked if it ends with ok
1 verbose cli [ '/home/finn/.nvm/versions/node/v5.0.0/bin/node',
1 verbose cli   '/home/finn/.nvm/versions/node/v5.0.0/bin/npm',
1 verbose cli   'run',
1 verbose cli   'start' ]
2 info using npm@3.3.6
3 info using node@v5.0.0
4 verbose run-script [ 'prestart', 'start', 'poststart' ]
5 info lifecycle react-interact@0.1.5~prestart: react-interact@0.1.5
6 silly lifecycle react-interact@0.1.5~prestart: no script for prestart, continuing
7 info lifecycle react-interact@0.1.5~start: react-interact@0.1.5
8 verbose lifecycle react-interact@0.1.5~start: unsafe-perm in lifecycle true
9 verbose lifecycle react-interact@0.1.5~start: PATH: /home/finn/.nvm/versions/node/v5.0.0/lib/node_modules/npm/bin/node-gyp-bin:/home/finn/projects/react-interact/node_modules/.bin:/home/finn/.local/share/umake/bin:/usr/local/heroku/bin:/home/finn/.nvm/versions/node/v5.0.0/bin:/home/finn/.local/share/umake/bin:/usr/local/sbin:/usr/local/bin:/usr/sbin:/usr/bin:/sbin:/bin:/usr/games:/usr/local/games
10 verbose lifecycle react-interact@0.1.5~start: CWD: /home/finn/projects/react-interact
11 silly lifecycle react-interact@0.1.5~start: Args: [ '-c', 'webpack --watch' ]
12 silly lifecycle react-interact@0.1.5~start: Returned: code: 143  signal: null
13 info lifecycle react-interact@0.1.5~start: Failed to exec start script
14 verbose stack Error: react-interact@0.1.5 start: `webpack --watch`
14 verbose stack Exit status 143
14 verbose stack     at EventEmitter.<anonymous> (/home/finn/.nvm/versions/node/v5.0.0/lib/node_modules/npm/lib/utils/lifecycle.js:233:16)
14 verbose stack     at emitTwo (events.js:87:13)
14 verbose stack     at EventEmitter.emit (events.js:172:7)
14 verbose stack     at ChildProcess.<anonymous> (/home/finn/.nvm/versions/node/v5.0.0/lib/node_modules/npm/lib/utils/spawn.js:24:14)
14 verbose stack     at emitTwo (events.js:87:13)
14 verbose stack     at ChildProcess.emit (events.js:172:7)
14 verbose stack     at maybeClose (internal/child_process.js:818:16)
14 verbose stack     at Process.ChildProcess._handle.onexit (internal/child_process.js:211:5)
15 verbose pkgid react-interact@0.1.5
16 verbose cwd /home/finn/projects/react-interact
17 error Linux 4.2.0-34-generic
18 error argv "/home/finn/.nvm/versions/node/v5.0.0/bin/node" "/home/finn/.nvm/versions/node/v5.0.0/bin/npm" "run" "start"
19 error node v5.0.0
20 error npm  v3.3.6
21 error code ELIFECYCLE
22 error react-interact@0.1.5 start: `webpack --watch`
22 error Exit status 143
23 error Failed at the react-interact@0.1.5 start script 'webpack --watch'.
23 error This is most likely a problem with the react-interact package,
23 error not with npm itself.
23 error Tell the author that this fails on your system:
23 error     webpack --watch
23 error You can get their info via:
23 error     npm owner ls react-interact
23 error There is likely additional logging output above.
24 verbose exit [ 1, true ]
